<?xml version='1.0' encoding='UTF-8'?>
<testsuite hostname="ELADIO-PC" name="RangeTest" tests="40" errors="0" failures="0" skipped="0" time="0.109" timestamp="2020-06-09T04:38:30">
                     <properties>
[...]
</properties>
                     <testcase classname="RangeTest" name="Validate should return a range with 2,5 as End Points" time="0.052">
                                                 
                                               </testcase><testcase classname="RangeTest" name="Validate should return a range with 5,12 as End Points" time="0.007">
                                                 
                                               </testcase><testcase classname="RangeTest" name="Validate should return a null value to {-2,6}" time="0.003">
                                                 
                                               </testcase><testcase classname="RangeTest" name="Validate should return a rnull value to [-10,0[" time="0.001">
                                                 
                                               </testcase><testcase classname="RangeTest" name="Contains should return true with this input {2,3,4,5}" time="0.011">
                                                 
                                               </testcase><testcase classname="RangeTest" name="Contains should return true with this input {5,6,7,8,9,10,11,12}" time="0.002">
                                                 
                                               </testcase><testcase classname="RangeTest" name="Contains should return false with this input {-1,0,1,2,3,4,8,20}" time="0.001">
                                                 
                                               </testcase><testcase classname="RangeTest" name="Contains should return false with this input {-10,-9,-8,-7,-6,-5,4,3}" time="0.001">
                                                 
                                               </testcase><testcase classname="RangeTest" name="NotContains should return false with this input {2,3,4,5}" time="0.001">
                                                 
                                               </testcase><testcase classname="RangeTest" name="Contains should return false with this input {5,6,7,8,9,10,11,12}" time="0.0">
                                                 
                                               </testcase><testcase classname="RangeTest" name="Contains should return true with this input {-1,0,1,2,3,4,8,20}" time="0.0">
                                                 
                                               </testcase><testcase classname="RangeTest" name="Contains should return true with this input {-10,-9,-8,-7,-6,-5,4,3}" time="0.001">
                                                 
                                               </testcase><testcase classname="RangeTest" name="Allpoints should return an array as this {2,3,4,5}" time="0.001">
                                                 
                                               </testcase><testcase classname="RangeTest" name="Allpoints should return an array as this {5,6,7,8,9,10,11,12}" time="0.001">
                                                 
                                               </testcase><testcase classname="RangeTest" name="Allpoints should return an array as this {-1,0,1,2,3,4,5}" time="0.002">
                                                 
                                               </testcase><testcase classname="RangeTest" name="Allpoints should return an array as this {- 10,-9,-8,-7,-6,-5,-4,-3}" time="0.001">
                                                 
                                               </testcase><testcase classname="RangeTest" name="ContainsRange should return true with this range (1,4]" time="0.001">
                                                 
                                               </testcase><testcase classname="RangeTest" name="ContainsRange should return true with this range (5,11)" time="0.0">
                                                 
                                               </testcase><testcase classname="RangeTest" name="ContainsRange should return false with this range [-5,6)" time="0.0">
                                                 
                                               </testcase><testcase classname="RangeTest" name="ContainsRange should return false with this range [-10,0)" time="0.0">
                                                 
                                               </testcase><testcase classname="RangeTest" name="NotContainsRange should return false with this range (1,4]" time="0.002">
                                                 
                                               </testcase><testcase classname="RangeTest" name="NotContainsRange should return false with this range (5,11)" time="0.006">
                                                 
                                               </testcase><testcase classname="RangeTest" name="NotContainsRange should return true with this range [-5,6)" time="0.001">
                                                 
                                               </testcase><testcase classname="RangeTest" name="NotContainsRange should return true with this range [-10,0)" time="0.001">
                                                 
                                               </testcase><testcase classname="RangeTest" name="EndPoints should return an Array as this {2,5}" time="0.001">
                                                 
                                               </testcase><testcase classname="RangeTest" name="EndPoints should return an Array as this {5,12}" time="0.001">
                                                 
                                               </testcase><testcase classname="RangeTest" name="EndPoints should return an Array as this {-1,5}" time="0.001">
                                                 
                                               </testcase><testcase classname="RangeTest" name="EndPoints should return an Array as this {-10,-3}" time="0.001">
                                                 
                                               </testcase><testcase classname="RangeTest" name="OverLaps should return true to this range [4,14]" time="0.001">
                                                 
                                               </testcase><testcase classname="RangeTest" name="OverLaps should return true to this range (1,8)" time="0.002">
                                                 
                                               </testcase><testcase classname="RangeTest" name="OverLaps should return false to this range (7,15)" time="0.0">
                                                 
                                               </testcase><testcase classname="RangeTest" name="OverLaps should return false to this range (0,15)" time="0.002">
                                                 
                                               </testcase><testcase classname="RangeTest" name="Equals shold return true to this range (1,6)" time="0.001">
                                                 
                                               </testcase><testcase classname="RangeTest" name="Equals shold return true to this range [5,13)" time="0.0">
                                                 
                                               </testcase><testcase classname="RangeTest" name="Equals shold return false to this range (-2,0)" time="0.001">
                                                 
                                               </testcase><testcase classname="RangeTest" name="Equals shold return false to this range [-10,3]" time="0.0">
                                                 
                                               </testcase><testcase classname="RangeTest" name="NotEquals shold return false to this range (1,6)" time="0.0">
                                                 
                                               </testcase><testcase classname="RangeTest" name="NotEqualsshold return false to this range [5,13)" time="0.001">
                                                 
                                               </testcase><testcase classname="RangeTest" name="NotEqualsshold return true to this range (-2,0)" time="0.0">
                                                 
                                               </testcase><testcase classname="RangeTest" name="NotEqualsshold return true to this range [-10,3]" time="0.001">
                                                 
                                               </testcase>
                     <system-out><![CDATA[]]></system-out>
                     <system-err><![CDATA[]]></system-err>
                   </testsuite>