2020.06.09 03:18:50 INFO  started: Metals version 0.9.0 in workspace 'D:\INTEC\Temporal\rangetest'
2020.06.09 03:18:51 INFO  time: initialize in 1.63s
2020.06.09 03:19:00 INFO  no build target: using presentation compiler with only scala-library
2020.06.09 03:19:08 WARN  no build target for: D:\INTEC\Temporal\rangetest\src\main\scala\CubeCalculator.scala
2020.06.09 03:19:08 WARN  no build target for: D:\INTEC\Temporal\rangetest\src\main\scala\Range.scala
2020.06.09 03:19:09 WARN  no build target for: D:\INTEC\Temporal\rangetest\src\test\scala\CubeCalculatorTest.scala
2020.06.09 03:19:50 WARN  no build target for: D:\INTEC\Temporal\rangetest\src\test\scala\RangeTest.scala
2020.06.09 03:20:08 WARN  no build target for: D:\INTEC\Temporal\rangetest\src\main\scala\Range.scala
2020.06.09 03:20:30 WARN  code navigation does not work for the file 'D:\INTEC\Temporal\rangetest\src\main\scala\Range.scala' because it doesn't belong to a build target.
2020.06.09 03:24:31 WARN  no build target for: D:\INTEC\Temporal\rangetest\src\main\scala\Range.scala
Exception in thread "pool-1-thread-9" java.lang.Error: java.lang.InterruptedException
	at java.util.concurrent.ThreadPoolExecutor.runWorker(Unknown Source)
	at java.util.concurrent.ThreadPoolExecutor$Worker.run(Unknown Source)
	at java.lang.Thread.run(Unknown Source)
Caused by: java.lang.InterruptedException
	at scala.meta.internal.metals.FutureCancelToken.checkCanceled(FutureCancelToken.scala:27)
	at scala.meta.internal.mtags.MtagsEnrichments$XtensionCancelChecker.isCancelled(MtagsEnrichments.scala:137)
	at scala.meta.internal.metals.FormattingProvider.$anonfun$isCancelled$1(FormattingProvider.scala:59)
	at scala.meta.internal.metals.FormattingProvider.$anonfun$isCancelled$1$adapted(FormattingProvider.scala:59)
	at scala.Option.exists(Option.scala:376)
	at scala.meta.internal.metals.FormattingProvider.isCancelled(FormattingProvider.scala:59)
	at scala.meta.internal.metals.FormattingProvider.$anonfun$handleMissingFile$1(FormattingProvider.scala:180)
	at scala.meta.internal.metals.FormattingProvider.$anonfun$handleMissingFile$1$adapted(FormattingProvider.scala:173)
	at scala.util.Success.$anonfun$map$1(Try.scala:255)
	at scala.util.Success.map(Try.scala:213)
	at scala.concurrent.Future.$anonfun$map$1(Future.scala:292)
	at scala.concurrent.impl.Promise.liftedTree1$1(Promise.scala:33)
	at scala.concurrent.impl.Promise.$anonfun$transform$1(Promise.scala:33)
	at scala.concurrent.impl.CallbackRunnable.run(Promise.scala:64)
	... 3 more
Jun 09, 2020 3:24:49 AM org.eclipse.lsp4j.jsonrpc.RemoteEndpoint handleCancellation
WARNING: Unmatched cancel notification for request id 992
2020.06.09 03:24:49 WARN  no build target for: D:\INTEC\Temporal\rangetest\src\main\scala\Range.scala
something's wrong: no file:///d%3A/INTEC/Temporal/rangetest/src/main/scala/Range.scala in Array[<error>]RangePosition(file:///d%3A/INTEC/Temporal/rangetest/src/main/scala/Range.scala, 392, 392, 407)
something's wrong: no file:///d%3A/INTEC/Temporal/rangetest/src/main/scala/Range.scala in Array[<error>]RangePosition(file:///d%3A/INTEC/Temporal/rangetest/src/main/scala/Range.scala, 392, 392, 401)
2020.06.09 03:26:41 WARN  no build target for: D:\INTEC\Temporal\rangetest\src\main\scala\Range.scala
2020.06.09 03:26:48 WARN  no build target for: D:\INTEC\Temporal\rangetest\src\main\scala\Range.scala
2020.06.09 03:28:15 WARN  no build target for: D:\INTEC\Temporal\rangetest\src\main\scala\Range.scala
Jun 09, 2020 3:29:07 AM org.eclipse.lsp4j.jsonrpc.RemoteEndpoint handleCancellation
WARNING: Unmatched cancel notification for request id 2243
2020.06.09 03:32:15 WARN  no build target for: D:\INTEC\Temporal\rangetest\src\main\scala\Range.scala
2020.06.09 03:32:15 WARN  code navigation does not work for the file 'D:\INTEC\Temporal\rangetest\src\main\scala\Range.scala' because it doesn't belong to a build target.
2020.06.09 03:35:18 WARN  no build target for: D:\INTEC\Temporal\rangetest\src\main\scala\Range.scala
2020.06.09 03:36:19 WARN  no build target for: D:\INTEC\Temporal\rangetest\src\main\scala\Range.scala
2020.06.09 03:36:29 WARN  no build target for: D:\INTEC\Temporal\rangetest\src\main\scala\Range.scala
2020.06.09 03:36:35 WARN  no build target for: D:\INTEC\Temporal\rangetest\src\main\scala\Range.scala
2020.06.09 03:38:05 WARN  no build target for: D:\INTEC\Temporal\rangetest\src\main\scala\Range.scala
2020.06.09 03:38:51 WARN  no build target for: D:\INTEC\Temporal\rangetest\src\main\scala\Range.scala
2020.06.09 03:39:43 WARN  no build target for: D:\INTEC\Temporal\rangetest\src\main\scala\Range.scala
2020.06.09 03:39:46 WARN  no build target for: D:\INTEC\Temporal\rangetest\src\main\scala\Range.scala
2020.06.09 03:40:09 WARN  no build target for: D:\INTEC\Temporal\rangetest\src\main\scala\Range.scala
2020.06.09 03:41:24 WARN  code navigation does not work for the file 'D:\INTEC\Temporal\rangetest\src\test\scala\RangeTest.scala' because it doesn't belong to a build target.
2020.06.09 03:41:59 WARN  code navigation does not work for the file 'D:\INTEC\Temporal\rangetest\src\test\scala\RangeTest.scala' because it doesn't belong to a build target.
2020.06.09 03:42:02 WARN  no build target for: D:\INTEC\Temporal\rangetest\src\test\scala\RangeTest.scala
2020.06.09 03:42:22 WARN  code navigation does not work for the file 'D:\INTEC\Temporal\rangetest\src\test\scala\RangeTest.scala' because it doesn't belong to a build target.
2020.06.09 03:42:22 WARN  no build target for: D:\INTEC\Temporal\rangetest\src\test\scala\RangeTest.scala
2020.06.09 03:42:24 WARN  code navigation does not work for the file 'D:\INTEC\Temporal\rangetest\src\test\scala\RangeTest.scala' because it doesn't belong to a build target.
2020.06.09 03:42:31 WARN  no build target for: D:\INTEC\Temporal\rangetest\src\test\scala\RangeTest.scala
2020.06.09 03:43:41 WARN  no build target for: D:\INTEC\Temporal\rangetest\src\test\scala\RangeTest.scala
2020.06.09 03:44:34 WARN  code navigation does not work for the file 'D:\INTEC\Temporal\rangetest\src\test\scala\RangeTest.scala' because it doesn't belong to a build target.
2020.06.09 03:47:38 WARN  code navigation does not work for the file 'D:\INTEC\Temporal\rangetest\src\test\scala\RangeTest.scala' because it doesn't belong to a build target.
2020.06.09 03:48:10 WARN  code navigation does not work for the file 'D:\INTEC\Temporal\rangetest\src\test\scala\RangeTest.scala' because it doesn't belong to a build target.
2020.06.09 03:48:10 WARN  code navigation does not work for the file 'D:\INTEC\Temporal\rangetest\src\test\scala\RangeTest.scala' because it doesn't belong to a build target.
2020.06.09 03:48:13 WARN  code navigation does not work for the file 'D:\INTEC\Temporal\rangetest\src\test\scala\RangeTest.scala' because it doesn't belong to a build target.
2020.06.09 03:48:13 WARN  no build target for: D:\INTEC\Temporal\rangetest\src\test\scala\RangeTest.scala
2020.06.09 03:48:40 WARN  code navigation does not work for the file 'D:\INTEC\Temporal\rangetest\src\test\scala\RangeTest.scala' because it doesn't belong to a build target.
2020.06.09 03:48:40 WARN  code navigation does not work for the file 'D:\INTEC\Temporal\rangetest\src\test\scala\RangeTest.scala' because it doesn't belong to a build target.
2020.06.09 03:48:44 WARN  code navigation does not work for the file 'D:\INTEC\Temporal\rangetest\src\test\scala\RangeTest.scala' because it doesn't belong to a build target.
2020.06.09 03:49:16 WARN  no build target for: D:\INTEC\Temporal\rangetest\src\test\scala\RangeTest.scala
2020.06.09 03:49:45 WARN  no build target for: D:\INTEC\Temporal\rangetest\src\test\scala\RangeTest.scala
2020.06.09 03:50:41 WARN  no build target for: D:\INTEC\Temporal\rangetest\src\test\scala\RangeTest.scala
2020.06.09 03:51:43 WARN  no build target for: D:\INTEC\Temporal\rangetest\src\test\scala\RangeTest.scala
2020.06.09 03:53:01 WARN  no build target for: D:\INTEC\Temporal\rangetest\src\test\scala\RangeTest.scala
2020.06.09 03:53:06 WARN  no build target for: D:\INTEC\Temporal\rangetest\src\test\scala\RangeTest.scala
2020.06.09 03:54:35 WARN  no build target for: D:\INTEC\Temporal\rangetest\src\test\scala\RangeTest.scala
2020.06.09 03:55:27 WARN  no build target for: D:\INTEC\Temporal\rangetest\src\test\scala\RangeTest.scala
2020.06.09 03:58:16 WARN  no build target for: D:\INTEC\Temporal\rangetest\src\test\scala\RangeTest.scala
2020.06.09 03:58:22 WARN  no build target for: D:\INTEC\Temporal\rangetest\src\test\scala\RangeTest.scala
2020.06.09 03:58:37 WARN  no build target for: D:\INTEC\Temporal\rangetest\src\test\scala\RangeTest.scala
2020.06.09 04:01:14 WARN  no build target for: D:\INTEC\Temporal\rangetest\src\test\scala\RangeTest.scala
2020.06.09 04:02:40 WARN  no build target for: D:\INTEC\Temporal\rangetest\src\test\scala\RangeTest.scala
2020.06.09 04:05:26 WARN  no build target for: D:\INTEC\Temporal\rangetest\src\test\scala\RangeTest.scala
2020.06.09 04:17:23 WARN  no build target for: D:\INTEC\Temporal\rangetest\src\test\scala\RangeTest.scala
2020.06.09 04:19:27 WARN  no build target for: D:\INTEC\Temporal\rangetest\src\test\scala\RangeTest.scala
2020.06.09 04:21:17 WARN  code navigation does not work for the file 'D:\INTEC\Temporal\rangetest\src\test\scala\RangeTest.scala' because it doesn't belong to a build target.
2020.06.09 04:24:03 WARN  no build target for: D:\INTEC\Temporal\rangetest\src\test\scala\RangeTest.scala
2020.06.09 04:25:21 WARN  code navigation does not work for the file 'D:\INTEC\Temporal\rangetest\src\test\scala\RangeTest.scala' because it doesn't belong to a build target.
2020.06.09 04:25:23 WARN  code navigation does not work for the file 'D:\INTEC\Temporal\rangetest\src\test\scala\RangeTest.scala' because it doesn't belong to a build target.
2020.06.09 04:26:41 WARN  no build target for: D:\INTEC\Temporal\rangetest\src\test\scala\RangeTest.scala
2020.06.09 04:27:01 WARN  no build target for: D:\INTEC\Temporal\rangetest\src\test\scala\RangeTest.scala
2020.06.09 04:28:18 WARN  code navigation does not work for the file 'D:\INTEC\Temporal\rangetest\src\test\scala\RangeTest.scala' because it doesn't belong to a build target.
2020.06.09 04:28:48 WARN  no build target for: D:\INTEC\Temporal\rangetest\src\test\scala\RangeTest.scala
2020.06.09 04:29:40 WARN  no build target for: D:\INTEC\Temporal\rangetest\src\test\scala\RangeTest.scala
2020.06.09 04:32:43 WARN  no build target for: D:\INTEC\Temporal\rangetest\src\main\scala\Range.scala
2020.06.09 04:33:16 WARN  no build target for: D:\INTEC\Temporal\rangetest\src\main\scala\Range.scala
2020.06.09 04:33:45 WARN  no build target for: D:\INTEC\Temporal\rangetest\src\main\scala\Range.scala
2020.06.09 04:34:36 WARN  no build target for: D:\INTEC\Temporal\rangetest\src\test\scala\RangeTest.scala
2020.06.09 04:36:39 WARN  no build target for: D:\INTEC\Temporal\rangetest\src\test\scala\RangeTest.scala
2020.06.09 04:37:40 ERROR scalafmt: D:\INTEC\Temporal\rangetest\src\test\scala\RangeTest.scala:78: error: ) expected but integer constant found
    assert(r4.allPoints() === Array(-10,-9, -8, -7, -6, -5, -4.-3))
                                                                ^
2020.06.09 04:37:40 WARN  no build target for: D:\INTEC\Temporal\rangetest\src\test\scala\RangeTest.scala
2020.06.09 04:37:48 WARN  no build target for: D:\INTEC\Temporal\rangetest\src\test\scala\RangeTest.scala
2020.06.09 04:37:53 WARN  no build target for: D:\INTEC\Temporal\rangetest\src\test\scala\RangeTest.scala
